<?xml version="1.0" encoding="UTF-8"?>
<!-- Generated by org.testng.reporters.JUnitXMLReporter -->
<testsuite hostname="Tokyos-Air" failures="1" tests="1" name="SearchHotel_Chrome" time="164.478" errors="0" timestamp="22 Feb 2024 14:52:45 GMT">
  <testcase classname="com.sts.web.TestRunner.TestRunner" name="searchHotelTest" time="154.623">
    <failure type="org.openqa.selenium.NoSuchWindowException" message="no such window: target window already closed
from unknown error: web view not found
  (Session info: chrome=122.0.6261.57)
Build info: version: &amp;apos;3.141.59&amp;apos;, revision: &amp;apos;e82be7d358&amp;apos;, time: &amp;apos;2018-11-14T08:17:03&amp;apos;
System info: host: &amp;apos;Tokyos-Air&amp;apos;, ip: &amp;apos;fe80:0:0:0:10d0:e3c:e8d3:f3b8%en0&amp;apos;, os.name: &amp;apos;Mac OS X&amp;apos;, os.arch: &amp;apos;x86_64&amp;apos;, os.version: &amp;apos;11.4&amp;apos;, java.version: &amp;apos;16.0.2&amp;apos;
Driver info: org.openqa.selenium.remote.RemoteWebDriver
Capabilities {acceptInsecureCerts: false, browserName: chrome, browserVersion: 122.0.6261.57, chrome: {chromedriverVersion: 122.0.6261.57 (87957e464700..., userDataDir: /var/folders/10/nx41rvp50wq...}, fedcm:accounts: true, goog:chromeOptions: {debuggerAddress: localhost:49174}, javascriptEnabled: true, networkConnectionEnabled: false, pageLoadStrategy: normal, platform: MAC, platformName: MAC, proxy: Proxy(), se:bidiEnabled: false, se:cdp: ws://192.168.1.104:4444/ses..., se:cdpVersion: 122.0.6261.57, setWindowRect: true, strictFileInteractability: false, timeouts: {implicit: 0, pageLoad: 300000, script: 30000}, unhandledPromptBehavior: dismiss and notify, webauthn:extension:credBlob: true, webauthn:extension:largeBlob: true, webauthn:extension:minPinLength: true, webauthn:extension:prf: true, webauthn:virtualAuthenticators: true}
Session ID: 6f5fd493160e07c3a8eb127d5f7978b1
*** Element info: {Using=xpath, value=//input[@data-qa=&amp;apos;upload-file-input-file-drop&amp;apos;]}">
      <![CDATA[org.openqa.selenium.NoSuchWindowException: no such window: target window already closed
from unknown error: web view not found
  (Session info: chrome=122.0.6261.57)
Build info: version: '3.141.59', revision: 'e82be7d358', time: '2018-11-14T08:17:03'
System info: host: 'Tokyos-Air', ip: 'fe80:0:0:0:10d0:e3c:e8d3:f3b8%en0', os.name: 'Mac OS X', os.arch: 'x86_64', os.version: '11.4', java.version: '16.0.2'
Driver info: org.openqa.selenium.remote.RemoteWebDriver
Capabilities {acceptInsecureCerts: false, browserName: chrome, browserVersion: 122.0.6261.57, chrome: {chromedriverVersion: 122.0.6261.57 (87957e464700..., userDataDir: /var/folders/10/nx41rvp50wq...}, fedcm:accounts: true, goog:chromeOptions: {debuggerAddress: localhost:49174}, javascriptEnabled: true, networkConnectionEnabled: false, pageLoadStrategy: normal, platform: MAC, platformName: MAC, proxy: Proxy(), se:bidiEnabled: false, se:cdp: ws://192.168.1.104:4444/ses..., se:cdpVersion: 122.0.6261.57, setWindowRect: true, strictFileInteractability: false, timeouts: {implicit: 0, pageLoad: 300000, script: 30000}, unhandledPromptBehavior: dismiss and notify, webauthn:extension:credBlob: true, webauthn:extension:largeBlob: true, webauthn:extension:minPinLength: true, webauthn:extension:prf: true, webauthn:virtualAuthenticators: true}
Session ID: 6f5fd493160e07c3a8eb127d5f7978b1
*** Element info: {Using=xpath, value=//input[@data-qa='upload-file-input-file-drop']}
	at org.openqa.selenium.remote.http.W3CHttpResponseCodec.createException(W3CHttpResponseCodec.java:187)
	at org.openqa.selenium.remote.http.W3CHttpResponseCodec.decode(W3CHttpResponseCodec.java:122)
	at org.openqa.selenium.remote.http.W3CHttpResponseCodec.decode(W3CHttpResponseCodec.java:49)
	at org.openqa.selenium.remote.HttpCommandExecutor.execute(HttpCommandExecutor.java:158)
	at org.openqa.selenium.remote.RemoteWebDriver.execute(RemoteWebDriver.java:552)
	at org.openqa.selenium.remote.RemoteWebDriver.findElement(RemoteWebDriver.java:323)
	at org.openqa.selenium.remote.RemoteWebDriver.findElementByXPath(RemoteWebDriver.java:428)
	at org.openqa.selenium.By$ByXPath.findElement(By.java:353)
	at org.openqa.selenium.remote.RemoteWebDriver.findElement(RemoteWebDriver.java:315)
	at com.sts.web.PageElements.CreateTemplateSteps.attachDoc(CreateTemplateSteps.java:53)
	at com.sts.web.StepDefinition.CreateTemplate.createNewTemplate(CreateTemplate.java:24)
	at com.sts.web.TestRunner.TestRunner.searchHotelTest(TestRunner.java:54)
... Removed 28 stack frames]]>
    </failure>
  </testcase> <!-- searchHotelTest -->
</testsuite> <!-- SearchHotel_Chrome -->
