<?xml version="1.0" encoding="UTF-8"?>
<!-- Generated by org.testng.reporters.JUnitXMLReporter -->
<testsuite hostname="Tokyos-MacBook-Air.local" failures="1" tests="1" name="SearchHotel_Firefox" time="9.052" errors="0" timestamp="11 Mar 2024 06:26:37 GMT">
  <testcase classname="com.sts.web.TestRunner.TestRunner" name="searchHotelTest" time="0.113">
    <failure type="org.openqa.selenium.InvalidArgumentException" message="Malformed URL: URL constructor: StsAutomation is not a valid URL.
Build info: version: &amp;apos;3.141.59&amp;apos;, revision: &amp;apos;e82be7d358&amp;apos;, time: &amp;apos;2018-11-14T08:17:03&amp;apos;
System info: host: &amp;apos;Tokyos-MacBook-Air.local&amp;apos;, ip: &amp;apos;2c0f:f528:40:73f9:4927:a6a:2b7:5a6d%en0&amp;apos;, os.name: &amp;apos;Mac OS X&amp;apos;, os.arch: &amp;apos;x86_64&amp;apos;, os.version: &amp;apos;11.4&amp;apos;, java.version: &amp;apos;16.0.2&amp;apos;
Driver info: org.openqa.selenium.remote.RemoteWebDriver
Capabilities {acceptInsecureCerts: true, browserName: firefox, browserVersion: 122.0.1, javascriptEnabled: true, moz:accessibilityChecks: false, moz:buildID: 20240205133611, moz:geckodriverVersion: 0.34.0, moz:headless: false, moz:platformVersion: 21.5.0, moz:processID: 52373, moz:profile: /var/folders/10/nx41rvp50wq..., moz:shutdownTimeout: 60000, moz:webdriverClick: true, moz:windowless: false, pageLoadStrategy: normal, platform: MAC, platformName: MAC, proxy: Proxy(), se:bidiEnabled: false, se:cdp: ws://192.168.1.104:4444/ses..., setWindowRect: true, strictFileInteractability: false, timeouts: {implicit: 0, pageLoad: 300000, script: 30000}, unhandledPromptBehavior: dismiss and notify}
Session ID: 089add58-9ac0-46da-a3e3-26b5fc82a69d">
      <![CDATA[org.openqa.selenium.InvalidArgumentException: Malformed URL: URL constructor: StsAutomation is not a valid URL.
Build info: version: '3.141.59', revision: 'e82be7d358', time: '2018-11-14T08:17:03'
System info: host: 'Tokyos-MacBook-Air.local', ip: '2c0f:f528:40:73f9:4927:a6a:2b7:5a6d%en0', os.name: 'Mac OS X', os.arch: 'x86_64', os.version: '11.4', java.version: '16.0.2'
Driver info: org.openqa.selenium.remote.RemoteWebDriver
Capabilities {acceptInsecureCerts: true, browserName: firefox, browserVersion: 122.0.1, javascriptEnabled: true, moz:accessibilityChecks: false, moz:buildID: 20240205133611, moz:geckodriverVersion: 0.34.0, moz:headless: false, moz:platformVersion: 21.5.0, moz:processID: 52373, moz:profile: /var/folders/10/nx41rvp50wq..., moz:shutdownTimeout: 60000, moz:webdriverClick: true, moz:windowless: false, pageLoadStrategy: normal, platform: MAC, platformName: MAC, proxy: Proxy(), se:bidiEnabled: false, se:cdp: ws://192.168.1.104:4444/ses..., setWindowRect: true, strictFileInteractability: false, timeouts: {implicit: 0, pageLoad: 300000, script: 30000}, unhandledPromptBehavior: dismiss and notify}
Session ID: 089add58-9ac0-46da-a3e3-26b5fc82a69d
	at org.openqa.selenium.remote.http.W3CHttpResponseCodec.createException(W3CHttpResponseCodec.java:187)
	at org.openqa.selenium.remote.http.W3CHttpResponseCodec.decode(W3CHttpResponseCodec.java:122)
	at org.openqa.selenium.remote.http.W3CHttpResponseCodec.decode(W3CHttpResponseCodec.java:49)
	at org.openqa.selenium.remote.HttpCommandExecutor.execute(HttpCommandExecutor.java:158)
	at org.openqa.selenium.remote.RemoteWebDriver.execute(RemoteWebDriver.java:552)
	at org.openqa.selenium.remote.RemoteWebDriver.get(RemoteWebDriver.java:277)
	at com.sts.web.TestRunner.TestRunner.searchHotelTest(TestRunner.java:45)
... Removed 29 stack frames]]>
    </failure>
  </testcase> <!-- searchHotelTest -->
</testsuite> <!-- SearchHotel_Firefox -->
