<?xml version="1.0" encoding="UTF-8"?>
<!-- Generated by org.testng.reporters.JUnitXMLReporter -->
<testsuite hostname="Tokyos-Air" failures="1" tests="1" name="SearchHotel_Firefox" time="88.99" errors="0" timestamp="22 Feb 2024 14:10:53 GMT">
  <testcase classname="com.sts.web.TestRunner.TestRunner" name="searchHotelTest" time="78.149">
    <failure type="org.openqa.selenium.NoSuchWindowException" message="Browsing context has been discarded
Build info: version: &amp;apos;3.141.59&amp;apos;, revision: &amp;apos;e82be7d358&amp;apos;, time: &amp;apos;2018-11-14T08:17:03&amp;apos;
System info: host: &amp;apos;Tokyos-Air&amp;apos;, ip: &amp;apos;fe80:0:0:0:10d0:e3c:e8d3:f3b8%en0&amp;apos;, os.name: &amp;apos;Mac OS X&amp;apos;, os.arch: &amp;apos;x86_64&amp;apos;, os.version: &amp;apos;11.4&amp;apos;, java.version: &amp;apos;16.0.2&amp;apos;
Driver info: org.openqa.selenium.remote.RemoteWebDriver
Capabilities {acceptInsecureCerts: true, browserName: firefox, browserVersion: 122.0.1, javascriptEnabled: true, moz:accessibilityChecks: false, moz:buildID: 20240205133611, moz:geckodriverVersion: 0.34.0, moz:headless: false, moz:platformVersion: 21.5.0, moz:processID: 72125, moz:profile: /var/folders/10/nx41rvp50wq..., moz:shutdownTimeout: 60000, moz:webdriverClick: true, moz:windowless: false, pageLoadStrategy: normal, platform: MAC, platformName: MAC, proxy: Proxy(), se:bidiEnabled: false, se:cdp: ws://192.168.1.104:4444/ses..., setWindowRect: true, strictFileInteractability: false, timeouts: {implicit: 0, pageLoad: 300000, script: 30000}, unhandledPromptBehavior: dismiss and notify}
Session ID: b20d80eb-b00c-40d8-bd2b-9a52f2381fa1
*** Element info: {Using=xpath, value=//*[@name=&amp;apos;email&amp;apos;]}">
      <![CDATA[org.openqa.selenium.NoSuchWindowException: Browsing context has been discarded
Build info: version: '3.141.59', revision: 'e82be7d358', time: '2018-11-14T08:17:03'
System info: host: 'Tokyos-Air', ip: 'fe80:0:0:0:10d0:e3c:e8d3:f3b8%en0', os.name: 'Mac OS X', os.arch: 'x86_64', os.version: '11.4', java.version: '16.0.2'
Driver info: org.openqa.selenium.remote.RemoteWebDriver
Capabilities {acceptInsecureCerts: true, browserName: firefox, browserVersion: 122.0.1, javascriptEnabled: true, moz:accessibilityChecks: false, moz:buildID: 20240205133611, moz:geckodriverVersion: 0.34.0, moz:headless: false, moz:platformVersion: 21.5.0, moz:processID: 72125, moz:profile: /var/folders/10/nx41rvp50wq..., moz:shutdownTimeout: 60000, moz:webdriverClick: true, moz:windowless: false, pageLoadStrategy: normal, platform: MAC, platformName: MAC, proxy: Proxy(), se:bidiEnabled: false, se:cdp: ws://192.168.1.104:4444/ses..., setWindowRect: true, strictFileInteractability: false, timeouts: {implicit: 0, pageLoad: 300000, script: 30000}, unhandledPromptBehavior: dismiss and notify}
Session ID: b20d80eb-b00c-40d8-bd2b-9a52f2381fa1
*** Element info: {Using=xpath, value=//*[@name='email']}
	at org.openqa.selenium.remote.http.W3CHttpResponseCodec.createException(W3CHttpResponseCodec.java:187)
	at org.openqa.selenium.remote.http.W3CHttpResponseCodec.decode(W3CHttpResponseCodec.java:122)
	at org.openqa.selenium.remote.http.W3CHttpResponseCodec.decode(W3CHttpResponseCodec.java:49)
	at org.openqa.selenium.remote.HttpCommandExecutor.execute(HttpCommandExecutor.java:158)
	at org.openqa.selenium.remote.RemoteWebDriver.execute(RemoteWebDriver.java:552)
	at org.openqa.selenium.remote.RemoteWebDriver.findElement(RemoteWebDriver.java:323)
	at org.openqa.selenium.remote.RemoteWebDriver.findElementByXPath(RemoteWebDriver.java:428)
	at org.openqa.selenium.By$ByXPath.findElement(By.java:353)
	at org.openqa.selenium.remote.RemoteWebDriver.findElement(RemoteWebDriver.java:315)
	at WebApp.XPathHelper.getElementByXPath(XPathHelper.java:109)
	at WebApp.XPathHelper.getElementByname(XPathHelper.java:74)
	at com.sts.web.PageElements.LoginPageElements.getUserNameElement(LoginPageElements.java:22)
	at com.sts.web.StepDefinition.LoginSteps.loginToDocusign(LoginSteps.java:16)
	at com.sts.web.TestRunner.TestRunner.searchHotelTest(TestRunner.java:46)
... Removed 29 stack frames]]>
    </failure>
  </testcase> <!-- searchHotelTest -->
</testsuite> <!-- SearchHotel_Firefox -->
