<?xml version="1.0" encoding="UTF-8"?>
<testng-results total="1" passed="1" failed="0" skipped="0">
  <reporter-output>
  </reporter-output>
  <suite started-at="2024-02-22T17:57:16Z" name="Suite" finished-at="2024-02-22T17:58:27Z" duration-ms="70732">
    <groups>
    </groups>
    <test started-at="2024-02-22T17:57:16Z" name="Create_Template" finished-at="2024-02-22T17:58:27Z" duration-ms="70732">
      <class name="com.sts.web.TestRunner.TestRunner">
        <test-method is-config="true" signature="setUp(java.lang.String)[pri:0, instance:com.sts.web.TestRunner.TestRunner@2dc54ad4]" started-at="2024-02-22T19:57:17Z" name="setUp" finished-at="2024-02-22T19:57:21Z" duration-ms="3969" status="PASS">
          <params>
            <param index="0">
              <value>
                <![CDATA[firefox]]>
              </value>
            </param>
          </params>
          <reporter-output>
          </reporter-output>
        </test-method> <!-- setUp -->
        <test-method signature="searchHotelTest()[pri:0, instance:com.sts.web.TestRunner.TestRunner@2dc54ad4]" started-at="2024-02-22T19:57:21Z" name="searchHotelTest" finished-at="2024-02-22T19:58:25Z" duration-ms="64016" status="PASS">
          <reporter-output>
          </reporter-output>
        </test-method> <!-- searchHotelTest -->
        <test-method is-config="true" signature="tearDown()[pri:0, instance:com.sts.web.TestRunner.TestRunner@2dc54ad4]" started-at="2024-02-22T19:58:26Z" name="tearDown" finished-at="2024-02-22T19:58:27Z" duration-ms="720" status="PASS">
          <reporter-output>
          </reporter-output>
        </test-method> <!-- tearDown -->
      </class> <!-- com.sts.web.TestRunner.TestRunner -->
    </test> <!-- Create_Template -->
  </suite> <!-- Suite -->
</testng-results>
