<?xml version="1.0" encoding="UTF-8"?>
<testng-results total="1" passed="1" failed="0" skipped="0">
  <reporter-output>
  </reporter-output>
  <suite started-at="2024-03-14T07:02:38Z" name="Suite" finished-at="2024-03-14T07:02:43Z" duration-ms="5458">
    <groups>
    </groups>
    <test started-at="2024-03-14T07:02:38Z" name="Place_Order" finished-at="2024-03-14T07:02:43Z" duration-ms="5458">
      <class name="com.sts.api.runnerClass.ApiRunner">
        <test-method signature="OrderPetRunner()[pri:0, instance:com.sts.api.runnerClass.ApiRunner@e70f13a]" started-at="2024-03-14T09:02:39Z" name="OrderPetRunner" finished-at="2024-03-14T09:02:42Z" duration-ms="3851" status="PASS">
          <reporter-output>
          </reporter-output>
        </test-method> <!-- OrderPetRunner -->
      </class> <!-- com.sts.api.runnerClass.ApiRunner -->
    </test> <!-- Place_Order -->
  </suite> <!-- Suite -->
</testng-results>
